<?xml version="1.0" encoding="UTF-8"?>
<!-- Generated by org.testng.reporters.JUnitXMLReporter -->
<testsuite ignored="1" hostname="Akhilash" failures="0" tests="1" name="Test" time="7.962" errors="0" timestamp="2023-01-25T20:01:21 IST">
  <testcase classname="organization.CreateOrganizationTest" name="method2" time="0.01"/>
  <testcase classname="organization.CreateOrganizationTest" name="createOrganization" time="0.0">
    <ignored/>
  </testcase> <!-- createOrganization -->
</testsuite> <!-- Test -->
